<?xml version='1.0' encoding='UTF-8'?>
<testsuite hostname="Microsoft-PC" name="Core.CoreTest" tests="1" errors="0" failures="1" skipped="0" time="14.557" timestamp="2022-02-01T15:48:01">
          <properties>
[...]
</properties>
          <testcase classname="Core.CoreTest" name="Core" time="14.557">
                      <failure message="E:\MERL\Repositories\RV32I-Single-Cycle-Core\assembly\hex_file.txt" type="java.nio.file.NoSuchFileException">java.nio.file.NoSuchFileException: E:\MERL\Repositories\RV32I-Single-Cycle-Core\assembly\hex_file.txt
	at java.base/sun.nio.fs.WindowsException.translateToIOException(WindowsException.java:85)
	at java.base/sun.nio.fs.WindowsException.rethrowAsIOException(WindowsException.java:103)
	at java.base/sun.nio.fs.WindowsException.rethrowAsIOException(WindowsException.java:108)
	at java.base/sun.nio.fs.WindowsFileSystemProvider.newByteChannel(WindowsFileSystemProvider.java:236)
	at java.base/java.nio.file.Files.newByteChannel(Files.java:380)
	at java.base/java.nio.file.Files.newByteChannel(Files.java:432)
	at java.base/java.nio.file.spi.FileSystemProvider.newInputStream(FileSystemProvider.java:422)
	at java.base/java.nio.file.Files.newInputStream(Files.java:160)
	at os.Path.getInputStream(Path.scala:475)
	at os.read$lines$stream$$anon$3.generate(ReadWriteOps.scala:345)
	at geny.Generator.foreach(Generator.scala:49)
	at geny.Generator.foreach$(Generator.scala:49)
	at os.read$lines$stream$$anon$3.foreach(ReadWriteOps.scala:343)
	at geny.Generator.toBuffer(Generator.scala:127)
	at geny.Generator.toBuffer$(Generator.scala:125)
	at os.read$lines$stream$$anon$3.toBuffer(ReadWriteOps.scala:343)
	at geny.Generator.toArray(Generator.scala:131)
	at geny.Generator.toArray$(Generator.scala:131)
	at os.read$lines$stream$$anon$3.toArray(ReadWriteOps.scala:343)
	at os.read$lines$.apply(ReadWriteOps.scala:330)
	at firrtl.FileUtils$.getLines(FileUtils.scala:118)
	at firrtl.FileUtils$.getLines(FileUtils.scala:112)
	at treadle.executable.MemoryInitializer.doInitialize(Memory.scala:669)
	at treadle.executable.MemoryInitializer.$anonfun$initializeMemoriesFromFiles$1(Memory.scala:685)
	at treadle.executable.MemoryInitializer.$anonfun$initializeMemoriesFromFiles$1$adapted(Memory.scala:684)
	at scala.collection.immutable.List.foreach(List.scala:431)
	at treadle.executable.MemoryInitializer.initializeMemoriesFromFiles(Memory.scala:684)
	at treadle.executable.ExecutionEngine$.apply(ExecutionEngine.scala:681)
	at treadle.TreadleTester.&lt;init&gt;(TreadleTester.scala:43)
	at treadle.stage.phases.CreateTester$.transform(CreateTester.scala:19)
	at treadle.stage.phases.CreateTester$.transform(CreateTester.scala:10)
	at treadle.stage.TreadleTesterPhase.$anonfun$transform$1(TreadleTesterPhase.scala:21)
	at scala.collection.LinearSeqOptimized.foldLeft(LinearSeqOptimized.scala:126)
	at scala.collection.LinearSeqOptimized.foldLeft$(LinearSeqOptimized.scala:122)
	at scala.collection.immutable.List.foldLeft(List.scala:91)
	at treadle.stage.TreadleTesterPhase.transform(TreadleTesterPhase.scala:21)
	at chiseltest.simulator.TreadleSimulator$.createContext(TreadleSimulator.scala:38)
	at chiseltest.internal.BackendExecutive$.start(BackendExecutive.scala:36)
	at chiseltest.defaults.package$.createDefaultTester(defaults.scala:25)
	at chiseltest.ChiselScalatestTester$TestBuilder.apply(ChiselScalatestTester.scala:37)
	at Core.CoreTest.$anonfun$new$1(CoreTest.scala:12)
	at org.scalatest.OutcomeOf.outcomeOf(OutcomeOf.scala:85)
	at org.scalatest.OutcomeOf.outcomeOf$(OutcomeOf.scala:83)
	at org.scalatest.OutcomeOf$.outcomeOf(OutcomeOf.scala:104)
	at org.scalatest.Transformer.apply(Transformer.scala:22)
	at org.scalatest.Transformer.apply(Transformer.scala:20)
	at org.scalatest.freespec.AnyFreeSpecLike$$anon$1.apply(AnyFreeSpecLike.scala:406)
	at org.scalatest.TestSuite.withFixture(TestSuite.scala:196)
	at org.scalatest.TestSuite.withFixture$(TestSuite.scala:195)
	at Core.CoreTest.chiseltest$ChiselScalatestTester$$super$withFixture(CoreTest.scala:6)
	at chiseltest.ChiselScalatestTester.$anonfun$withFixture$1(ChiselScalatestTester.scala:58)
	at scala.util.DynamicVariable.withValue(DynamicVariable.scala:62)
	at chiseltest.ChiselScalatestTester.withFixture(ChiselScalatestTester.scala:58)
	at chiseltest.ChiselScalatestTester.withFixture$(ChiselScalatestTester.scala:55)
	at Core.CoreTest.withFixture(CoreTest.scala:6)
	at org.scalatest.freespec.AnyFreeSpecLike.invokeWithFixture$1(AnyFreeSpecLike.scala:404)
	at org.scalatest.freespec.AnyFreeSpecLike.$anonfun$runTest$1(AnyFreeSpecLike.scala:416)
	at org.scalatest.SuperEngine.runTestImpl(Engine.scala:306)
	at org.scalatest.freespec.AnyFreeSpecLike.runTest(AnyFreeSpecLike.scala:416)
	at org.scalatest.freespec.AnyFreeSpecLike.runTest$(AnyFreeSpecLike.scala:398)
	at org.scalatest.freespec.AnyFreeSpec.runTest(AnyFreeSpec.scala:1739)
	at org.scalatest.freespec.AnyFreeSpecLike.$anonfun$runTests$1(AnyFreeSpecLike.scala:475)
	at org.scalatest.SuperEngine.$anonfun$runTestsInBranch$1(Engine.scala:413)
	at scala.collection.immutable.List.foreach(List.scala:431)
	at org.scalatest.SuperEngine.traverseSubNodes$1(Engine.scala:401)
	at org.scalatest.SuperEngine.runTestsInBranch(Engine.scala:396)
	at org.scalatest.SuperEngine.runTestsImpl(Engine.scala:475)
	at org.scalatest.freespec.AnyFreeSpecLike.runTests(AnyFreeSpecLike.scala:475)
	at org.scalatest.freespec.AnyFreeSpecLike.runTests$(AnyFreeSpecLike.scala:474)
	at org.scalatest.freespec.AnyFreeSpec.runTests(AnyFreeSpec.scala:1739)
	at org.scalatest.Suite.run(Suite.scala:1112)
	at org.scalatest.Suite.run$(Suite.scala:1094)
	at org.scalatest.freespec.AnyFreeSpec.org$scalatest$freespec$AnyFreeSpecLike$$super$run(AnyFreeSpec.scala:1739)
	at org.scalatest.freespec.AnyFreeSpecLike.$anonfun$run$1(AnyFreeSpecLike.scala:519)
	at org.scalatest.SuperEngine.runImpl(Engine.scala:535)
	at org.scalatest.freespec.AnyFreeSpecLike.run(AnyFreeSpecLike.scala:519)
	at org.scalatest.freespec.AnyFreeSpecLike.run$(AnyFreeSpecLike.scala:518)
	at org.scalatest.freespec.AnyFreeSpec.run(AnyFreeSpec.scala:1739)
	at org.scalatest.tools.Framework.org$scalatest$tools$Framework$$runSuite(Framework.scala:318)
	at org.scalatest.tools.Framework$ScalaTestTask.execute(Framework.scala:513)
	at sbt.TestRunner.runTest$1(TestFramework.scala:146)
	at sbt.TestRunner.run(TestFramework.scala:161)
	at sbt.TestFramework$$anon$3$$anonfun$$lessinit$greater$1.$anonfun$apply$1(TestFramework.scala:324)
	at sbt.TestFramework$.sbt$TestFramework$$withContextLoader(TestFramework.scala:284)
	at sbt.TestFramework$$anon$3$$anonfun$$lessinit$greater$1.apply(TestFramework.scala:324)
	at sbt.TestFramework$$anon$3$$anonfun$$lessinit$greater$1.apply(TestFramework.scala:324)
	at sbt.TestFunction.apply(TestFramework.scala:336)
	at sbt.Tests$.$anonfun$toTask$1(Tests.scala:435)
	at sbt.std.Transform$$anon$3.$anonfun$apply$2(Transform.scala:46)
	at sbt.std.Transform$$anon$4.work(Transform.scala:68)
	at sbt.Execute.$anonfun$submit$2(Execute.scala:282)
	at sbt.internal.util.ErrorHandling$.wideConvert(ErrorHandling.scala:23)
	at sbt.Execute.work(Execute.scala:291)
	at sbt.Execute.$anonfun$submit$1(Execute.scala:282)
	at sbt.ConcurrentRestrictions$$anon$4.$anonfun$submitValid$1(ConcurrentRestrictions.scala:265)
	at sbt.CompletionService$$anon$2.call(CompletionService.scala:64)
	at java.base/java.util.concurrent.FutureTask.run(FutureTask.java:264)
	at java.base/java.util.concurrent.Executors$RunnableAdapter.call(Executors.java:539)
	at java.base/java.util.concurrent.FutureTask.run(FutureTask.java:264)
	at java.base/java.util.concurrent.ThreadPoolExecutor.runWorker(ThreadPoolExecutor.java:1136)
	at java.base/java.util.concurrent.ThreadPoolExecutor$Worker.run(ThreadPoolExecutor.java:635)
	at java.base/java.lang.Thread.run(Thread.java:833)
</failure>
                    </testcase>
          <system-out><![CDATA[]]></system-out>
          <system-err><![CDATA[]]></system-err>
        </testsuite>